2023-09-26 11:07:50.226  INFO 15388 --- [main] edu.sms.Sms1Application                  : Starting Sms1Application using Java 17.0.7 on DESKTOP-N4MIMCN with PID 15388 (D:\a_study\Computer_Programs\Projects\student management system\SMS-1\target\classes started by Divyanshu in D:\a_study\Computer_Programs\Projects\student management system\SMS-1)
2023-09-26 11:07:50.279  INFO 15388 --- [main] edu.sms.Sms1Application                  : No active profile set, falling back to 1 default profile: "default"
2023-09-26 11:07:55.512  INFO 15388 --- [main] .s.d.r.c.RepositoryConfigurationDelegate : Bootstrapping Spring Data JPA repositories in DEFAULT mode.
2023-09-26 11:07:56.552  INFO 15388 --- [main] .s.d.r.c.RepositoryConfigurationDelegate : Finished Spring Data repository scanning in 909 ms. Found 7 JPA repository interfaces.
2023-09-26 11:07:58.863  INFO 15388 --- [main] o.s.b.w.embedded.tomcat.TomcatWebServer  : Tomcat initialized with port(s): 8086 (http)
2023-09-26 11:07:58.888  INFO 15388 --- [main] o.apache.catalina.core.StandardService   : Starting service [Tomcat]
2023-09-26 11:07:58.889  INFO 15388 --- [main] org.apache.catalina.core.StandardEngine  : Starting Servlet engine: [Apache Tomcat/9.0.79]
2023-09-26 11:07:59.297  INFO 15388 --- [main] o.a.c.c.C.[Tomcat].[localhost].[/]       : Initializing Spring embedded WebApplicationContext
2023-09-26 11:07:59.298  INFO 15388 --- [main] w.s.c.ServletWebServerApplicationContext : Root WebApplicationContext: initialization completed in 8532 ms
2023-09-26 11:07:59.778  INFO 15388 --- [main] o.hibernate.jpa.internal.util.LogHelper  : HHH000204: Processing PersistenceUnitInfo [name: default]
2023-09-26 11:08:00.063  INFO 15388 --- [main] org.hibernate.Version                    : HHH000412: Hibernate ORM core version 5.6.15.Final
2023-09-26 11:08:00.731  INFO 15388 --- [main] o.hibernate.annotations.common.Version   : HCANN000001: Hibernate Commons Annotations {5.1.2.Final}
2023-09-26 11:08:01.167  INFO 15388 --- [main] com.zaxxer.hikari.HikariDataSource       : HikariPool-1 - Starting...
2023-09-26 11:08:02.536  INFO 15388 --- [main] com.zaxxer.hikari.HikariDataSource       : HikariPool-1 - Start completed.
2023-09-26 11:08:02.725  INFO 15388 --- [main] org.hibernate.dialect.Dialect            : HHH000400: Using dialect: org.hibernate.dialect.MySQL8Dialect
2023-09-26 11:08:08.570  INFO 15388 --- [main] o.h.e.t.j.p.i.JtaPlatformInitiator       : HHH000490: Using JtaPlatform implementation: [org.hibernate.engine.transaction.jta.platform.internal.NoJtaPlatform]
2023-09-26 11:08:08.600  INFO 15388 --- [main] j.LocalContainerEntityManagerFactoryBean : Initialized JPA EntityManagerFactory for persistence unit 'default'
2023-09-26 11:08:11.956  WARN 15388 --- [main] JpaBaseConfiguration$JpaWebConfiguration : spring.jpa.open-in-view is enabled by default. Therefore, database queries may be performed during view rendering. Explicitly configure spring.jpa.open-in-view to disable this warning
2023-09-26 11:08:14.283  INFO 15388 --- [main] o.s.b.w.embedded.tomcat.TomcatWebServer  : Tomcat started on port(s): 8086 (http) with context path ''
2023-09-26 11:08:14.313  INFO 15388 --- [main] edu.sms.Sms1Application                  : Started Sms1Application in 26.216 seconds (JVM running for 29.437)
